Performing C++ SOURCE FILE Test HAVE_DECLSPEC_NOINLINE failed with the following output:
Change Dir: /home/vaibhav/CSE/Ray_Tracing/pbrt-v3/debug/CMakeFiles/CMakeScratch/TryCompile-oPQUnM

Run Build Command(s):/usr/bin/make -f Makefile cmTC_9bd27/fast && /usr/bin/make  -f CMakeFiles/cmTC_9bd27.dir/build.make CMakeFiles/cmTC_9bd27.dir/build
make[1]: Entering directory '/home/vaibhav/CSE/Ray_Tracing/pbrt-v3/debug/CMakeFiles/CMakeScratch/TryCompile-oPQUnM'
Building CXX object CMakeFiles/cmTC_9bd27.dir/src.cxx.o
/usr/bin/c++ -DHAVE_DECLSPEC_NOINLINE  -std=gnu++11 -Wno-conversion-null  -o CMakeFiles/cmTC_9bd27.dir/src.cxx.o -c /home/vaibhav/CSE/Ray_Tracing/pbrt-v3/debug/CMakeFiles/CMakeScratch/TryCompile-oPQUnM/src.cxx
/home/vaibhav/CSE/Ray_Tracing/pbrt-v3/debug/CMakeFiles/CMakeScratch/TryCompile-oPQUnM/src.cxx:1:11: error: expected constructor, destructor, or type conversion before ‘(’ token
    1 | __declspec(noinline) void foo() { }
      |           ^
make[1]: *** [CMakeFiles/cmTC_9bd27.dir/build.make:78: CMakeFiles/cmTC_9bd27.dir/src.cxx.o] Error 1
make[1]: Leaving directory '/home/vaibhav/CSE/Ray_Tracing/pbrt-v3/debug/CMakeFiles/CMakeScratch/TryCompile-oPQUnM'
make: *** [Makefile:127: cmTC_9bd27/fast] Error 2


Source file was:
__declspec(noinline) void foo() { }
int main() { }

Performing C++ SOURCE FILE Test HAVE__ALIGNED_MALLOC failed with the following output:
Change Dir: /home/vaibhav/CSE/Ray_Tracing/pbrt-v3/debug/CMakeFiles/CMakeScratch/TryCompile-ROqjvf

Run Build Command(s):/usr/bin/make -f Makefile cmTC_cd212/fast && /usr/bin/make  -f CMakeFiles/cmTC_cd212.dir/build.make CMakeFiles/cmTC_cd212.dir/build
make[1]: Entering directory '/home/vaibhav/CSE/Ray_Tracing/pbrt-v3/debug/CMakeFiles/CMakeScratch/TryCompile-ROqjvf'
Building CXX object CMakeFiles/cmTC_cd212.dir/src.cxx.o
/usr/bin/c++ -DHAVE__ALIGNED_MALLOC  -std=gnu++11 -Wno-conversion-null  -o CMakeFiles/cmTC_cd212.dir/src.cxx.o -c /home/vaibhav/CSE/Ray_Tracing/pbrt-v3/debug/CMakeFiles/CMakeScratch/TryCompile-ROqjvf/src.cxx
/home/vaibhav/CSE/Ray_Tracing/pbrt-v3/debug/CMakeFiles/CMakeScratch/TryCompile-ROqjvf/src.cxx: In function ‘int main()’:
/home/vaibhav/CSE/Ray_Tracing/pbrt-v3/debug/CMakeFiles/CMakeScratch/TryCompile-ROqjvf/src.cxx:3:27: error: ‘_aligned_malloc’ was not declared in this scope
    3 | int main() { void * ptr = _aligned_malloc(1024, 32); }
      |                           ^~~~~~~~~~~~~~~
make[1]: *** [CMakeFiles/cmTC_cd212.dir/build.make:78: CMakeFiles/cmTC_cd212.dir/src.cxx.o] Error 1
make[1]: Leaving directory '/home/vaibhav/CSE/Ray_Tracing/pbrt-v3/debug/CMakeFiles/CMakeScratch/TryCompile-ROqjvf'
make: *** [Makefile:127: cmTC_cd212/fast] Error 2


Source file was:

#include <malloc.h>
int main() { void * ptr = _aligned_malloc(1024, 32); }


Performing C++ SOURCE FILE Test HAVE_DECLSPEC_THREAD failed with the following output:
Change Dir: /home/vaibhav/CSE/Ray_Tracing/pbrt-v3/debug/CMakeFiles/CMakeScratch/TryCompile-VmxCXr

Run Build Command(s):/usr/bin/make -f Makefile cmTC_f9d86/fast && /usr/bin/make  -f CMakeFiles/cmTC_f9d86.dir/build.make CMakeFiles/cmTC_f9d86.dir/build
make[1]: Entering directory '/home/vaibhav/CSE/Ray_Tracing/pbrt-v3/debug/CMakeFiles/CMakeScratch/TryCompile-VmxCXr'
Building CXX object CMakeFiles/cmTC_f9d86.dir/src.cxx.o
/usr/bin/c++ -DHAVE_DECLSPEC_THREAD  -std=gnu++11 -Wno-conversion-null  -o CMakeFiles/cmTC_f9d86.dir/src.cxx.o -c /home/vaibhav/CSE/Ray_Tracing/pbrt-v3/debug/CMakeFiles/CMakeScratch/TryCompile-VmxCXr/src.cxx
/home/vaibhav/CSE/Ray_Tracing/pbrt-v3/debug/CMakeFiles/CMakeScratch/TryCompile-VmxCXr/src.cxx:2:11: error: expected constructor, destructor, or type conversion before ‘(’ token
    2 | __declspec(thread) int x; int main() { }
      |           ^
make[1]: *** [CMakeFiles/cmTC_f9d86.dir/build.make:78: CMakeFiles/cmTC_f9d86.dir/src.cxx.o] Error 1
make[1]: Leaving directory '/home/vaibhav/CSE/Ray_Tracing/pbrt-v3/debug/CMakeFiles/CMakeScratch/TryCompile-VmxCXr'
make: *** [Makefile:127: cmTC_f9d86/fast] Error 2


Source file was:

__declspec(thread) int x; int main() { }


Determining size of unsigned __int16 failed with the following output:
Change Dir: /home/vaibhav/CSE/Ray_Tracing/pbrt-v3/debug/CMakeFiles/CMakeScratch/TryCompile-tAhqwd

Run Build Command(s):/usr/bin/make -f Makefile cmTC_44113/fast && /usr/bin/make  -f CMakeFiles/cmTC_44113.dir/build.make CMakeFiles/cmTC_44113.dir/build
make[1]: Entering directory '/home/vaibhav/CSE/Ray_Tracing/pbrt-v3/debug/CMakeFiles/CMakeScratch/TryCompile-tAhqwd'
Building C object CMakeFiles/cmTC_44113.dir/HAVE___UINT16.c.o
/usr/bin/cc    -o CMakeFiles/cmTC_44113.dir/HAVE___UINT16.c.o -c /home/vaibhav/CSE/Ray_Tracing/pbrt-v3/debug/CMakeFiles/CMakeScratch/TryCompile-tAhqwd/HAVE___UINT16.c
/home/vaibhav/CSE/Ray_Tracing/pbrt-v3/debug/CMakeFiles/CMakeScratch/TryCompile-tAhqwd/HAVE___UINT16.c:27:31: error: expected ‘)’ before ‘__int16’
   27 | #define SIZE (sizeof(unsigned __int16))
      |                     ~         ^~~~~~~
/home/vaibhav/CSE/Ray_Tracing/pbrt-v3/debug/CMakeFiles/CMakeScratch/TryCompile-tAhqwd/HAVE___UINT16.c:29:12: note: in expansion of macro ‘SIZE’
   29 |   ('0' + ((SIZE / 10000)%10)),
      |            ^~~~
/home/vaibhav/CSE/Ray_Tracing/pbrt-v3/debug/CMakeFiles/CMakeScratch/TryCompile-tAhqwd/HAVE___UINT16.c:27:31: error: expected ‘)’ before ‘__int16’
   27 | #define SIZE (sizeof(unsigned __int16))
      |                     ~         ^~~~~~~
/home/vaibhav/CSE/Ray_Tracing/pbrt-v3/debug/CMakeFiles/CMakeScratch/TryCompile-tAhqwd/HAVE___UINT16.c:30:12: note: in expansion of macro ‘SIZE’
   30 |   ('0' + ((SIZE / 1000)%10)),
      |            ^~~~
/home/vaibhav/CSE/Ray_Tracing/pbrt-v3/debug/CMakeFiles/CMakeScratch/TryCompile-tAhqwd/HAVE___UINT16.c:27:31: error: expected ‘)’ before ‘__int16’
   27 | #define SIZE (sizeof(unsigned __int16))
      |                     ~         ^~~~~~~
/home/vaibhav/CSE/Ray_Tracing/pbrt-v3/debug/CMakeFiles/CMakeScratch/TryCompile-tAhqwd/HAVE___UINT16.c:31:12: note: in expansion of macro ‘SIZE’
   31 |   ('0' + ((SIZE / 100)%10)),
      |            ^~~~
/home/vaibhav/CSE/Ray_Tracing/pbrt-v3/debug/CMakeFiles/CMakeScratch/TryCompile-tAhqwd/HAVE___UINT16.c:27:31: error: expected ‘)’ before ‘__int16’
   27 | #define SIZE (sizeof(unsigned __int16))
      |                     ~         ^~~~~~~
/home/vaibhav/CSE/Ray_Tracing/pbrt-v3/debug/CMakeFiles/CMakeScratch/TryCompile-tAhqwd/HAVE___UINT16.c:32:12: note: in expansion of macro ‘SIZE’
   32 |   ('0' + ((SIZE / 10)%10)),
      |            ^~~~
/home/vaibhav/CSE/Ray_Tracing/pbrt-v3/debug/CMakeFiles/CMakeScratch/TryCompile-tAhqwd/HAVE___UINT16.c:27:31: error: expected ‘)’ before ‘__int16’
   27 | #define SIZE (sizeof(unsigned __int16))
      |                     ~         ^~~~~~~
/home/vaibhav/CSE/Ray_Tracing/pbrt-v3/debug/CMakeFiles/CMakeScratch/TryCompile-tAhqwd/HAVE___UINT16.c:33:12: note: in expansion of macro ‘SIZE’
   33 |   ('0' +  (SIZE    % 10)),
      |            ^~~~
make[1]: *** [CMakeFiles/cmTC_44113.dir/build.make:78: CMakeFiles/cmTC_44113.dir/HAVE___UINT16.c.o] Error 1
make[1]: Leaving directory '/home/vaibhav/CSE/Ray_Tracing/pbrt-v3/debug/CMakeFiles/CMakeScratch/TryCompile-tAhqwd'
make: *** [Makefile:127: cmTC_44113/fast] Error 2


HAVE___UINT16.c:
#include <sys/types.h>
#include <stdint.h>
#include <stddef.h>


#undef KEY
#if defined(__i386)
# define KEY '_','_','i','3','8','6'
#elif defined(__x86_64)
# define KEY '_','_','x','8','6','_','6','4'
#elif defined(__PPC64__)
# define KEY '_','_','P','P','C','6','4','_','_'
#elif defined(__ppc64__)
# define KEY '_','_','p','p','c','6','4','_','_'
#elif defined(__PPC__)
# define KEY '_','_','P','P','C','_','_'
#elif defined(__ppc__)
# define KEY '_','_','p','p','c','_','_'
#elif defined(__aarch64__)
# define KEY '_','_','a','a','r','c','h','6','4','_','_'
#elif defined(__ARM_ARCH_7A__)
# define KEY '_','_','A','R','M','_','A','R','C','H','_','7','A','_','_'
#elif defined(__ARM_ARCH_7S__)
# define KEY '_','_','A','R','M','_','A','R','C','H','_','7','S','_','_'
#endif

#define SIZE (sizeof(unsigned __int16))
static char info_size[] =  {'I', 'N', 'F', 'O', ':', 's','i','z','e','[',
  ('0' + ((SIZE / 10000)%10)),
  ('0' + ((SIZE / 1000)%10)),
  ('0' + ((SIZE / 100)%10)),
  ('0' + ((SIZE / 10)%10)),
  ('0' +  (SIZE    % 10)),
  ']',
#ifdef KEY
  ' ','k','e','y','[', KEY, ']',
#endif
  '\0'};

#ifdef __CLASSIC_C__
int main(argc, argv) int argc; char *argv[];
#else
int main(int argc, char *argv[])
#endif
{
  int require = 0;
  require += info_size[argc];
  (void)argv;
  return require;
}


Determining if the function get_static_proc_name exists in the unwind failed with the following output:
Change Dir: /home/vaibhav/CSE/Ray_Tracing/pbrt-v3/debug/CMakeFiles/CMakeScratch/TryCompile-lHz2ha

Run Build Command(s):/usr/bin/make -f Makefile cmTC_297b2/fast && /usr/bin/make  -f CMakeFiles/cmTC_297b2.dir/build.make CMakeFiles/cmTC_297b2.dir/build
make[1]: Entering directory '/home/vaibhav/CSE/Ray_Tracing/pbrt-v3/debug/CMakeFiles/CMakeScratch/TryCompile-lHz2ha'
Building C object CMakeFiles/cmTC_297b2.dir/CheckFunctionExists.c.o
/usr/bin/cc   -DCHECK_FUNCTION_EXISTS=get_static_proc_name -o CMakeFiles/cmTC_297b2.dir/CheckFunctionExists.c.o -c /home/vaibhav/CSE/Ray_Tracing/pbrt-v3/debug/CMakeFiles/CMakeScratch/TryCompile-lHz2ha/CheckFunctionExists.c
Linking C executable cmTC_297b2
/usr/bin/cmake -E cmake_link_script CMakeFiles/cmTC_297b2.dir/link.txt --verbose=1
/usr/bin/cc  -DCHECK_FUNCTION_EXISTS=get_static_proc_name -rdynamic CMakeFiles/cmTC_297b2.dir/CheckFunctionExists.c.o -o cmTC_297b2  -lunwind 
/usr/bin/ld: CMakeFiles/cmTC_297b2.dir/CheckFunctionExists.c.o: in function `main':
CheckFunctionExists.c:(.text+0x10): undefined reference to `get_static_proc_name'
collect2: error: ld returned 1 exit status
make[1]: *** [CMakeFiles/cmTC_297b2.dir/build.make:99: cmTC_297b2] Error 1
make[1]: Leaving directory '/home/vaibhav/CSE/Ray_Tracing/pbrt-v3/debug/CMakeFiles/CMakeScratch/TryCompile-lHz2ha'
make: *** [Makefile:127: cmTC_297b2/fast] Error 2



Performing C SOURCE FILE Test HAVE___DECLSPEC failed with the following output:
Change Dir: /home/vaibhav/CSE/Ray_Tracing/pbrt-v3/debug/CMakeFiles/CMakeScratch/TryCompile-y8FToG

Run Build Command(s):/usr/bin/make -f Makefile cmTC_db39d/fast && /usr/bin/make  -f CMakeFiles/cmTC_db39d.dir/build.make CMakeFiles/cmTC_db39d.dir/build
make[1]: Entering directory '/home/vaibhav/CSE/Ray_Tracing/pbrt-v3/debug/CMakeFiles/CMakeScratch/TryCompile-y8FToG'
Building C object CMakeFiles/cmTC_db39d.dir/src.c.o
/usr/bin/cc -DHAVE___DECLSPEC   -o CMakeFiles/cmTC_db39d.dir/src.c.o -c /home/vaibhav/CSE/Ray_Tracing/pbrt-v3/debug/CMakeFiles/CMakeScratch/TryCompile-y8FToG/src.c
/home/vaibhav/CSE/Ray_Tracing/pbrt-v3/debug/CMakeFiles/CMakeScratch/TryCompile-y8FToG/src.c:2:1: warning: return type defaults to ‘int’ [-Wimplicit-int]
    2 | __declspec(selectany) int a;
      | ^~~~~~~~~~
/home/vaibhav/CSE/Ray_Tracing/pbrt-v3/debug/CMakeFiles/CMakeScratch/TryCompile-y8FToG/src.c: In function ‘__declspec’:
/home/vaibhav/CSE/Ray_Tracing/pbrt-v3/debug/CMakeFiles/CMakeScratch/TryCompile-y8FToG/src.c:3:16: error: expected ‘=’, ‘,’, ‘;’, ‘asm’ or ‘__attribute__’ before ‘{’ token
    3 | int main(void) { return 0; }
      |                ^
/home/vaibhav/CSE/Ray_Tracing/pbrt-v3/debug/CMakeFiles/CMakeScratch/TryCompile-y8FToG/src.c:2:1: warning: type of ‘selectany’ defaults to ‘int’ [-Wimplicit-int]
    2 | __declspec(selectany) int a;
      | ^~~~~~~~~~
/home/vaibhav/CSE/Ray_Tracing/pbrt-v3/debug/CMakeFiles/CMakeScratch/TryCompile-y8FToG/src.c:2:27: error: declaration for parameter ‘a’ but no such parameter
    2 | __declspec(selectany) int a;
      |                           ^
/home/vaibhav/CSE/Ray_Tracing/pbrt-v3/debug/CMakeFiles/CMakeScratch/TryCompile-y8FToG/src.c:5: error: expected ‘{’ at end of input
make[1]: *** [CMakeFiles/cmTC_db39d.dir/build.make:78: CMakeFiles/cmTC_db39d.dir/src.c.o] Error 1
make[1]: Leaving directory '/home/vaibhav/CSE/Ray_Tracing/pbrt-v3/debug/CMakeFiles/CMakeScratch/TryCompile-y8FToG'
make: *** [Makefile:127: cmTC_db39d/fast] Error 2


Source file was:

__declspec(selectany) int a;
int main(void) { return 0; }


Performing C++ SOURCE FILE Test STL_NO_NAMESPACE failed with the following output:
Change Dir: /home/vaibhav/CSE/Ray_Tracing/pbrt-v3/debug/CMakeFiles/CMakeScratch/TryCompile-DNQs40

Run Build Command(s):/usr/bin/make -f Makefile cmTC_511e2/fast && /usr/bin/make  -f CMakeFiles/cmTC_511e2.dir/build.make CMakeFiles/cmTC_511e2.dir/build
make[1]: Entering directory '/home/vaibhav/CSE/Ray_Tracing/pbrt-v3/debug/CMakeFiles/CMakeScratch/TryCompile-DNQs40'
Building CXX object CMakeFiles/cmTC_511e2.dir/src.cxx.o
/usr/bin/c++ -DSTL_NO_NAMESPACE  -std=gnu++11 -Wno-conversion-null  -o CMakeFiles/cmTC_511e2.dir/src.cxx.o -c /home/vaibhav/CSE/Ray_Tracing/pbrt-v3/debug/CMakeFiles/CMakeScratch/TryCompile-DNQs40/src.cxx
/home/vaibhav/CSE/Ray_Tracing/pbrt-v3/debug/CMakeFiles/CMakeScratch/TryCompile-DNQs40/src.cxx:3:1: error: ‘vector’ does not name a type
    3 | vector<int> t; int main() { }
      | ^~~~~~
make[1]: *** [CMakeFiles/cmTC_511e2.dir/build.make:78: CMakeFiles/cmTC_511e2.dir/src.cxx.o] Error 1
make[1]: Leaving directory '/home/vaibhav/CSE/Ray_Tracing/pbrt-v3/debug/CMakeFiles/CMakeScratch/TryCompile-DNQs40'
make: *** [Makefile:127: cmTC_511e2/fast] Error 2


Source file was:

#include <vector>
vector<int> t; int main() { }


